  017.cpp
C:\KPU\KPU_COMPUTER_GRAPHIC\CG2\CG2\017.cpp(26,2): warning C4091: 'typedef ': 변수를 선언하지 않으면 'my_Vectex' 왼쪽은 무시됩니다.
C:\KPU\KPU_COMPUTER_GRAPHIC\CG2\CG2\017.cpp(29,2): warning C4091: 'typedef ': 변수를 선언하지 않으면 'my_Rectpos' 왼쪽은 무시됩니다.
C:\KPU\KPU_COMPUTER_GRAPHIC\CG2\CG2\017.cpp(50,28): warning C4305: '초기화 중': 'double'에서 'float'(으)로 잘립니다.
C:\KPU\KPU_COMPUTER_GRAPHIC\CG2\CG2\017.cpp(133,3): warning C4305: '초기화 중': 'double'에서 'const GLfloat'(으)로 잘립니다.
C:\KPU\KPU_COMPUTER_GRAPHIC\CG2\CG2\017.cpp(150,3): warning C4305: '초기화 중': 'double'에서 'GLfloat'(으)로 잘립니다.
C:\KPU\KPU_COMPUTER_GRAPHIC\CG2\CG2\017.cpp(152,82): warning C4305: '초기화 중': 'double'에서 'GLfloat'(으)로 잘립니다.
C:\KPU\KPU_COMPUTER_GRAPHIC\CG2\CG2\017.cpp(153,83): warning C4305: '초기화 중': 'double'에서 'GLfloat'(으)로 잘립니다.
C:\KPU\KPU_COMPUTER_GRAPHIC\CG2\CG2\017.cpp(154,82): warning C4305: '초기화 중': 'double'에서 'GLfloat'(으)로 잘립니다.
C:\KPU\KPU_COMPUTER_GRAPHIC\CG2\CG2\017.cpp(155,83): warning C4305: '초기화 중': 'double'에서 'GLfloat'(으)로 잘립니다.
C:\KPU\KPU_COMPUTER_GRAPHIC\CG2\CG2\017.cpp(69,1): warning C4305: '=': 'double'에서 'float'(으)로 잘립니다.
C:\KPU\KPU_COMPUTER_GRAPHIC\CG2\CG2\017.cpp(339,1): warning C4305: '=': 'double'에서 'float'(으)로 잘립니다.
C:\KPU\KPU_COMPUTER_GRAPHIC\CG2\CG2\017.cpp(361,12): warning C4244: '=': 'double'에서 'float'(으)로 변환하면서 데이터가 손실될 수 있습니다.
C:\KPU\KPU_COMPUTER_GRAPHIC\CG2\CG2\017.cpp(362,12): warning C4244: '=': 'double'에서 'float'(으)로 변환하면서 데이터가 손실될 수 있습니다.
C:\KPU\KPU_COMPUTER_GRAPHIC\CG2\CG2\017.cpp(433,1): warning C4326: 'main'의 반환 형식이 'int'이어야 하는데 'void'입니다.
C:\KPU\KPU_COMPUTER_GRAPHIC\CG2\CG2\017.cpp(434,12): warning C4244: '인수': 'time_t'에서 'unsigned int'(으)로 변환하면서 데이터가 손실될 수 있습니다.
C:\KPU\KPU_COMPUTER_GRAPHIC\CG2\CG2\017.cpp(457,16): warning C4244: '인수': 'float'에서 'unsigned int'(으)로 변환하면서 데이터가 손실될 수 있습니다.
C:\KPU\KPU_COMPUTER_GRAPHIC\CG2\CG2\017.cpp(862,9): warning C4996: 'fopen': This function or variable may be unsafe. Consider using fopen_s instead. To disable deprecation, use _CRT_SECURE_NO_WARNINGS. See online help for details.
C:\KPU\KPU_COMPUTER_GRAPHIC\CG2\CG2\017.cpp(1008,16): warning C4244: '인수': 'float'에서 'unsigned int'(으)로 변환하면서 데이터가 손실될 수 있습니다.
  CG2.vcxproj -> C:\KPU\KPU_COMPUTER_GRAPHIC\CG2\Debug\CG2.exe
