c:\kpu\kpu_computer_graphic\cg2\cg2\debug\vc142.pdb
c:\kpu\kpu_computer_graphic\cg2\cg2\debug\vc142.idb
c:\kpu\kpu_computer_graphic\cg2\cg2\debug\001.obj
c:\kpu\kpu_computer_graphic\cg2\cg2\debug\002.obj
c:\kpu\kpu_computer_graphic\cg2\cg2\debug\011.obj
c:\kpu\kpu_computer_graphic\cg2\cg2\debug\012.obj
c:\kpu\kpu_computer_graphic\cg2\cg2\debug\007.obj
c:\kpu\kpu_computer_graphic\cg2\cg2\debug\013.obj
c:\kpu\kpu_computer_graphic\cg2\cg2\debug\014.obj
c:\kpu\kpu_computer_graphic\cg2\cg2\debug\015.obj
c:\kpu\kpu_computer_graphic\cg2\cg2\debug\016.obj
c:\kpu\kpu_computer_graphic\cg2\cg2\debug\017.obj
c:\kpu\kpu_computer_graphic\cg2\cg2\debug\homework.obj
c:\kpu\kpu_computer_graphic\cg2\cg2\debug\024.obj
c:\kpu\kpu_computer_graphic\cg2\debug\cg2.exe
c:\kpu\kpu_computer_graphic\cg2\debug\cg2.ilk
c:\kpu\kpu_computer_graphic\cg2\debug\cg2.pdb
c:\kpu\kpu_computer_graphic\cg2\cg2\debug\cg2.tlog\cl.command.1.tlog
c:\kpu\kpu_computer_graphic\cg2\cg2\debug\cg2.tlog\cl.read.1.tlog
c:\kpu\kpu_computer_graphic\cg2\cg2\debug\cg2.tlog\cl.write.1.tlog
c:\kpu\kpu_computer_graphic\cg2\cg2\debug\cg2.tlog\link.command.1.tlog
c:\kpu\kpu_computer_graphic\cg2\cg2\debug\cg2.tlog\link.read.1.tlog
c:\kpu\kpu_computer_graphic\cg2\cg2\debug\cg2.tlog\link.write.1.tlog
